0 info it worked if it ends with ok
1 verbose cli [ 'node', '/usr/local/bin/npm', 'run', 'ghpages' ]
2 info using npm@3.5.2
3 info using node@v0.12.7
4 verbose node symlink /usr/local/bin/node
5 verbose run-script [ 'preghpages', 'ghpages', 'postghpages' ]
6 info lifecycle aframe-no-click-look-controls@1.0.0~preghpages: aframe-no-click-look-controls@1.0.0
7 verbose lifecycle aframe-no-click-look-controls@1.0.0~preghpages: unsafe-perm in lifecycle true
8 verbose lifecycle aframe-no-click-look-controls@1.0.0~preghpages: PATH: /usr/local/lib/node_modules/npm/bin/node-gyp-bin:/Users/alexkass/projects/code/no-click-look-controls/node_modules/.bin:/Library/Frameworks/Python.framework/Versions/3.4/bin:/usr/local/heroku/bin:/usr/local/bin:/usr/local/sbin:~/bin:/Users/alexkass/.rbenv/bin:/Users/alexkass/.rbenv/shims:/usr/local/bin:/usr/bin:/bin:/usr/sbin:/sbin:/opt/X11/bin:/usr/local/MacGPG2/bin
9 verbose lifecycle aframe-no-click-look-controls@1.0.0~preghpages: CWD: /Users/alexkass/projects/code/no-click-look-controls
10 silly lifecycle aframe-no-click-look-controls@1.0.0~preghpages: Args: [ '-c',
10 silly lifecycle   'npm run build && rm -rf gh-pages && cp -r examples gh-pages' ]
11 silly lifecycle aframe-no-click-look-controls@1.0.0~preghpages: Returned: code: 0  signal: null
12 info lifecycle aframe-no-click-look-controls@1.0.0~ghpages: aframe-no-click-look-controls@1.0.0
13 verbose lifecycle aframe-no-click-look-controls@1.0.0~ghpages: unsafe-perm in lifecycle true
14 verbose lifecycle aframe-no-click-look-controls@1.0.0~ghpages: PATH: /usr/local/lib/node_modules/npm/bin/node-gyp-bin:/Users/alexkass/projects/code/no-click-look-controls/node_modules/.bin:/Library/Frameworks/Python.framework/Versions/3.4/bin:/usr/local/heroku/bin:/usr/local/bin:/usr/local/sbin:~/bin:/Users/alexkass/.rbenv/bin:/Users/alexkass/.rbenv/shims:/usr/local/bin:/usr/bin:/bin:/usr/sbin:/sbin:/opt/X11/bin:/usr/local/MacGPG2/bin
15 verbose lifecycle aframe-no-click-look-controls@1.0.0~ghpages: CWD: /Users/alexkass/projects/code/no-click-look-controls
16 silly lifecycle aframe-no-click-look-controls@1.0.0~ghpages: Args: [ '-c', 'npm run preghpages && ghpages -p gh-pages' ]
17 silly lifecycle aframe-no-click-look-controls@1.0.0~ghpages: Returned: code: 1  signal: null
18 info lifecycle aframe-no-click-look-controls@1.0.0~ghpages: Failed to exec ghpages script
19 verbose stack Error: aframe-no-click-look-controls@1.0.0 ghpages: `npm run preghpages && ghpages -p gh-pages`
19 verbose stack Exit status 1
19 verbose stack     at EventEmitter.<anonymous> (/usr/local/lib/node_modules/npm/lib/utils/lifecycle.js:232:16)
19 verbose stack     at EventEmitter.emit (events.js:110:17)
19 verbose stack     at ChildProcess.<anonymous> (/usr/local/lib/node_modules/npm/lib/utils/spawn.js:24:14)
19 verbose stack     at ChildProcess.emit (events.js:110:17)
19 verbose stack     at maybeClose (child_process.js:1015:16)
19 verbose stack     at Process.ChildProcess._handle.onexit (child_process.js:1087:5)
20 verbose pkgid aframe-no-click-look-controls@1.0.0
21 verbose cwd /Users/alexkass/projects/code/no-click-look-controls
22 error Darwin 15.2.0
23 error argv "node" "/usr/local/bin/npm" "run" "ghpages"
24 error node v0.12.7
25 error npm  v3.5.2
26 error code ELIFECYCLE
27 error aframe-no-click-look-controls@1.0.0 ghpages: `npm run preghpages && ghpages -p gh-pages`
27 error Exit status 1
28 error Failed at the aframe-no-click-look-controls@1.0.0 ghpages script 'npm run preghpages && ghpages -p gh-pages'.
28 error Make sure you have the latest version of node.js and npm installed.
28 error If you do, this is most likely a problem with the aframe-no-click-look-controls package,
28 error not with npm itself.
28 error Tell the author that this fails on your system:
28 error     npm run preghpages && ghpages -p gh-pages
28 error You can get information on how to open an issue for this project with:
28 error     npm bugs aframe-no-click-look-controls
28 error Or if that isn't available, you can get their info via:
28 error     npm owner ls aframe-no-click-look-controls
28 error There is likely additional logging output above.
29 verbose exit [ 1, true ]
